<?xml version="1.0" encoding="UTF-8"?>
<testng-results skipped="0" failed="0" ignored="0" total="5" passed="5">
  <reporter-output>
  </reporter-output>
  <suite name="Default suite" duration-ms="84" started-at="2019-04-17T12:42:11Z" finished-at="2019-04-17T12:42:11Z">
    <groups>
    </groups>
    <test name="Default test" duration-ms="84" started-at="2019-04-17T12:42:11Z" finished-at="2019-04-17T12:42:11Z">
      <class name="exampleAnnotations.AnnotationOrder">
        <test-method status="PASS" signature="testCase1()[pri:0, instance:exampleAnnotations.AnnotationOrder@6ea12c19]" name="testCase1" duration-ms="27" started-at="2019-04-17T15:42:11Z" finished-at="2019-04-17T15:42:11Z">
          <reporter-output>
          </reporter-output>
        </test-method> <!-- testCase1 -->
        <test-method status="PASS" signature="testCase1()[pri:0, instance:exampleAnnotations.AnnotationOrder@6ea12c19]" name="testCase1" duration-ms="27" started-at="2019-04-17T15:42:11Z" finished-at="2019-04-17T15:42:11Z">
          <reporter-output>
          </reporter-output>
        </test-method> <!-- testCase1 -->
        <test-method status="PASS" signature="testCase1()[pri:0, instance:exampleAnnotations.AnnotationOrder@6ea12c19]" name="testCase1" duration-ms="27" started-at="2019-04-17T15:42:11Z" finished-at="2019-04-17T15:42:11Z">
          <reporter-output>
          </reporter-output>
        </test-method> <!-- testCase1 -->
        <test-method status="PASS" signature="testCase2()[pri:0, instance:exampleAnnotations.AnnotationOrder@6ea12c19]" name="testCase2" duration-ms="2" started-at="2019-04-17T15:42:11Z" finished-at="2019-04-17T15:42:11Z">
          <reporter-output>
          </reporter-output>
        </test-method> <!-- testCase2 -->
        <test-method status="PASS" signature="testCase3()[pri:0, instance:exampleAnnotations.AnnotationOrder@6ea12c19]" name="testCase3" duration-ms="9" started-at="2019-04-17T15:42:11Z" finished-at="2019-04-17T15:42:11Z">
          <reporter-output>
          </reporter-output>
        </test-method> <!-- testCase3 -->
      </class> <!-- exampleAnnotations.AnnotationOrder -->
    </test> <!-- Default test -->
  </suite> <!-- Default suite -->
</testng-results>
